<?xml version="1.0" encoding="UTF-8"?>
<coverage generated="1503931713190" clover="3.2.0">
  <project timestamp="1503931713190" name="All files">
    <metrics statements="26" coveredstatements="12" conditionals="0" coveredconditionals="0" methods="15" coveredmethods="2" elements="41" coveredelements="14" complexity="0" loc="26" ncloc="26" packages="1" files="8" classes="8">
      <file name="About.jsx" path="/Users/temity/Documents/OneDrive/open-source/portfoliojs/src/components/About.jsx">
        <metrics statements="2" coveredstatements="1" conditionals="0" coveredconditionals="0" methods="1" coveredmethods="0"/>
        <line num="3" count="1" type="stmt"/>
        <line num="4" count="0" type="stmt"/>
      </file>
      <file name="Footer.jsx" path="/Users/temity/Documents/OneDrive/open-source/portfoliojs/src/components/Footer.jsx">
        <metrics statements="3" coveredstatements="2" conditionals="0" coveredconditionals="0" methods="1" coveredmethods="0"/>
        <line num="4" count="1" type="stmt"/>
        <line num="5" count="0" type="stmt"/>
        <line num="22" count="1" type="stmt"/>
      </file>
      <file name="Landing.jsx" path="/Users/temity/Documents/OneDrive/open-source/portfoliojs/src/components/Landing.jsx">
        <metrics statements="3" coveredstatements="0" conditionals="0" coveredconditionals="0" methods="2" coveredmethods="0"/>
        <line num="14" count="0" type="stmt"/>
        <line num="16" count="0" type="stmt"/>
        <line num="34" count="0" type="stmt"/>
      </file>
      <file name="List.jsx" path="/Users/temity/Documents/OneDrive/open-source/portfoliojs/src/components/List.jsx">
        <metrics statements="4" coveredstatements="2" conditionals="0" coveredconditionals="0" methods="2" coveredmethods="0"/>
        <line num="6" count="1" type="stmt"/>
        <line num="7" count="0" type="stmt"/>
        <line num="9" count="0" type="stmt"/>
        <line num="19" count="1" type="stmt"/>
      </file>
      <file name="Nav.jsx" path="/Users/temity/Documents/OneDrive/open-source/portfoliojs/src/components/Nav.jsx">
        <metrics statements="2" coveredstatements="1" conditionals="0" coveredconditionals="0" methods="1" coveredmethods="0"/>
        <line num="4" count="2" type="stmt"/>
        <line num="5" count="0" type="stmt"/>
      </file>
      <file name="Pagination.jsx" path="/Users/temity/Documents/OneDrive/open-source/portfoliojs/src/components/Pagination.jsx">
        <metrics statements="1" coveredstatements="0" conditionals="0" coveredconditionals="0" methods="1" coveredmethods="0"/>
        <line num="6" count="0" type="stmt"/>
      </file>
      <file name="ProfileCard.jsx" path="/Users/temity/Documents/OneDrive/open-source/portfoliojs/src/components/ProfileCard.jsx">
        <metrics statements="3" coveredstatements="2" conditionals="0" coveredconditionals="0" methods="1" coveredmethods="0"/>
        <line num="4" count="2" type="stmt"/>
        <line num="5" count="0" type="stmt"/>
        <line num="25" count="2" type="stmt"/>
      </file>
      <file name="Project.jsx" path="/Users/temity/Documents/OneDrive/open-source/portfoliojs/src/components/Project.jsx">
        <metrics statements="8" coveredstatements="4" conditionals="0" coveredconditionals="0" methods="6" coveredmethods="2"/>
        <line num="7" count="1" type="stmt"/>
        <line num="9" count="1" type="stmt"/>
        <line num="13" count="0" type="stmt"/>
        <line num="14" count="0" type="stmt"/>
        <line num="15" count="0" type="stmt"/>
        <line num="18" count="1" type="stmt"/>
        <line num="21" count="0" type="stmt"/>
        <line num="45" count="2" type="stmt"/>
      </file>
    </metrics>
  </project>
</coverage>
