{"/Users/temity/Documents/OneDrive/open-source/portfoliojs/src/components/About.jsx": {"path":"/Users/temity/Documents/OneDrive/open-source/portfoliojs/src/components/About.jsx","statementMap":{"0":{"start":{"line":3,"column":14},"end":{"line":7,"column":1}},"1":{"start":{"line":4,"column":5},"end":{"line":6,"column":12}}},"fnMap":{"0":{"name":"(anonymous_0)","decl":{"start":{"line":3,"column":14},"end":{"line":3,"column":15}},"loc":{"start":{"line":4,"column":5},"end":{"line":6,"column":12}},"line":4}},"branchMap":{},"s":{"0":1,"1":0},"f":{"0":0},"b":{},"_coverageSchema":"332fd63041d2c1bcb487cc26dd0d5f7d97098a6c","hash":"2d6e5c9d037230c95ba46a97b19f97b9d985c124"}
,"/Users/temity/Documents/OneDrive/open-source/portfoliojs/src/components/Footer.jsx": {"path":"/Users/temity/Documents/OneDrive/open-source/portfoliojs/src/components/Footer.jsx","statementMap":{"0":{"start":{"line":4,"column":15},"end":{"line":20,"column":1}},"1":{"start":{"line":5,"column":8},"end":{"line":19,"column":13}},"2":{"start":{"line":22,"column":0},"end":{"line":24,"column":1}}},"fnMap":{"0":{"name":"(anonymous_0)","decl":{"start":{"line":4,"column":15},"end":{"line":4,"column":16}},"loc":{"start":{"line":5,"column":8},"end":{"line":19,"column":13}},"line":5}},"branchMap":{},"s":{"0":1,"1":0,"2":1},"f":{"0":0},"b":{},"_coverageSchema":"332fd63041d2c1bcb487cc26dd0d5f7d97098a6c","hash":"72b8a0da067a71b9e76162c9eb2654d608bf4ddc"}
,"/Users/temity/Documents/OneDrive/open-source/portfoliojs/src/components/Landing.jsx": {"path":"/Users/temity/Documents/OneDrive/open-source/portfoliojs/src/components/Landing.jsx","statementMap":{"0":{"start":{"line":14,"column":12},"end":{"line":14,"column":25}},"1":{"start":{"line":16,"column":12},"end":{"line":24,"column":14}},"2":{"start":{"line":34,"column":12},"end":{"line":74,"column":14}}},"fnMap":{"0":{"name":"(anonymous_0)","decl":{"start":{"line":13,"column":6},"end":{"line":13,"column":7}},"loc":{"start":{"line":13,"column":24},"end":{"line":25,"column":7}},"line":13},"1":{"name":"(anonymous_1)","decl":{"start":{"line":33,"column":6},"end":{"line":33,"column":7}},"loc":{"start":{"line":33,"column":14},"end":{"line":75,"column":7}},"line":33}},"branchMap":{},"s":{"0":0,"1":0,"2":0},"f":{"0":0,"1":0},"b":{},"_coverageSchema":"332fd63041d2c1bcb487cc26dd0d5f7d97098a6c","hash":"86a8286412ff1b7b17921e0a47fd50da692f2adb"}
,"/Users/temity/Documents/OneDrive/open-source/portfoliojs/src/components/List.jsx": {"path":"/Users/temity/Documents/OneDrive/open-source/portfoliojs/src/components/List.jsx","statementMap":{"0":{"start":{"line":6,"column":13},"end":{"line":16,"column":1}},"1":{"start":{"line":7,"column":5},"end":{"line":15,"column":10}},"2":{"start":{"line":9,"column":12},"end":{"line":13,"column":14}},"3":{"start":{"line":19,"column":0},"end":{"line":23,"column":1}}},"fnMap":{"0":{"name":"(anonymous_0)","decl":{"start":{"line":6,"column":13},"end":{"line":6,"column":14}},"loc":{"start":{"line":7,"column":5},"end":{"line":15,"column":10}},"line":7},"1":{"name":"(anonymous_1)","decl":{"start":{"line":8,"column":24},"end":{"line":8,"column":25}},"loc":{"start":{"line":9,"column":12},"end":{"line":13,"column":14}},"line":9}},"branchMap":{},"s":{"0":1,"1":0,"2":0,"3":1},"f":{"0":0,"1":0},"b":{},"_coverageSchema":"332fd63041d2c1bcb487cc26dd0d5f7d97098a6c","hash":"d96bb74c9c443d5b7007dfe70547c9c16f900f58"}
,"/Users/temity/Documents/OneDrive/open-source/portfoliojs/src/components/Nav.jsx": {"path":"/Users/temity/Documents/OneDrive/open-source/portfoliojs/src/components/Nav.jsx","statementMap":{"0":{"start":{"line":4,"column":12},"end":{"line":13,"column":1}},"1":{"start":{"line":5,"column":4},"end":{"line":12,"column":6}}},"fnMap":{"0":{"name":"(anonymous_0)","decl":{"start":{"line":4,"column":12},"end":{"line":4,"column":13}},"loc":{"start":{"line":4,"column":18},"end":{"line":13,"column":1}},"line":4}},"branchMap":{},"s":{"0":2,"1":0},"f":{"0":0},"b":{},"_coverageSchema":"332fd63041d2c1bcb487cc26dd0d5f7d97098a6c","hash":"e2a1283de2204380b871f6572baff27543b616ac"}
,"/Users/temity/Documents/OneDrive/open-source/portfoliojs/src/components/Pagination.jsx": {"path":"/Users/temity/Documents/OneDrive/open-source/portfoliojs/src/components/Pagination.jsx","statementMap":{"0":{"start":{"line":6,"column":12},"end":{"line":28,"column":14}}},"fnMap":{"0":{"name":"(anonymous_0)","decl":{"start":{"line":5,"column":6},"end":{"line":5,"column":7}},"loc":{"start":{"line":5,"column":14},"end":{"line":29,"column":7}},"line":5}},"branchMap":{},"s":{"0":0},"f":{"0":0},"b":{},"_coverageSchema":"332fd63041d2c1bcb487cc26dd0d5f7d97098a6c","hash":"d2882f1b054bef42b3b09ee81b0e679aa065d2ca"}
,"/Users/temity/Documents/OneDrive/open-source/portfoliojs/src/components/ProfileCard.jsx": {"path":"/Users/temity/Documents/OneDrive/open-source/portfoliojs/src/components/ProfileCard.jsx","statementMap":{"0":{"start":{"line":4,"column":20},"end":{"line":23,"column":2}},"1":{"start":{"line":5,"column":5},"end":{"line":22,"column":10}},"2":{"start":{"line":25,"column":1},"end":{"line":31,"column":2}}},"fnMap":{"0":{"name":"(anonymous_0)","decl":{"start":{"line":4,"column":20},"end":{"line":4,"column":21}},"loc":{"start":{"line":5,"column":5},"end":{"line":22,"column":10}},"line":5}},"branchMap":{},"s":{"0":2,"1":0,"2":2},"f":{"0":0},"b":{},"_coverageSchema":"332fd63041d2c1bcb487cc26dd0d5f7d97098a6c","hash":"eb205db5ec53e739945ac00fe25a382471298ec0"}
,"/Users/temity/Documents/OneDrive/open-source/portfoliojs/src/components/Project.jsx": {"path":"/Users/temity/Documents/OneDrive/open-source/portfoliojs/src/components/Project.jsx","statementMap":{"0":{"start":{"line":7,"column":8},"end":{"line":7,"column":20}},"1":{"start":{"line":9,"column":8},"end":{"line":9,"column":34}},"2":{"start":{"line":13,"column":8},"end":{"line":15,"column":48}},"3":{"start":{"line":14,"column":26},"end":{"line":14,"column":41}},"4":{"start":{"line":15,"column":23},"end":{"line":15,"column":47}},"5":{"start":{"line":18,"column":8},"end":{"line":41,"column":10}},"6":{"start":{"line":21,"column":20},"end":{"line":36,"column":21}},"7":{"start":{"line":45,"column":0},"end":{"line":48,"column":1}}},"fnMap":{"0":{"name":"(anonymous_0)","decl":{"start":{"line":6,"column":4},"end":{"line":6,"column":5}},"loc":{"start":{"line":6,"column":22},"end":{"line":10,"column":5}},"line":6},"1":{"name":"(anonymous_1)","decl":{"start":{"line":12,"column":4},"end":{"line":12,"column":5}},"loc":{"start":{"line":12,"column":23},"end":{"line":16,"column":5}},"line":12},"2":{"name":"(anonymous_2)","decl":{"start":{"line":14,"column":14},"end":{"line":14,"column":15}},"loc":{"start":{"line":14,"column":26},"end":{"line":14,"column":41}},"line":14},"3":{"name":"(anonymous_3)","decl":{"start":{"line":15,"column":14},"end":{"line":15,"column":15}},"loc":{"start":{"line":15,"column":23},"end":{"line":15,"column":47}},"line":15},"4":{"name":"(anonymous_4)","decl":{"start":{"line":17,"column":4},"end":{"line":17,"column":5}},"loc":{"start":{"line":17,"column":12},"end":{"line":42,"column":5}},"line":17},"5":{"name":"(anonymous_5)","decl":{"start":{"line":20,"column":38},"end":{"line":20,"column":39}},"loc":{"start":{"line":21,"column":20},"end":{"line":36,"column":21}},"line":21}},"branchMap":{},"s":{"0":1,"1":1,"2":0,"3":0,"4":0,"5":1,"6":0,"7":2},"f":{"0":1,"1":0,"2":0,"3":0,"4":1,"5":0},"b":{},"_coverageSchema":"332fd63041d2c1bcb487cc26dd0d5f7d97098a6c","hash":"673ffc145512fdbafd5690782dc49bf0a7c5d89a"}
}
