TN:
SF:/Users/temity/Documents/OneDrive/open-source/portfoliojs/src/components/About.jsx
FN:3,(anonymous_0)
FNF:1
FNH:0
FNDA:0,(anonymous_0)
DA:3,1
DA:4,0
LF:2
LH:1
BRF:0
BRH:0
end_of_record
TN:
SF:/Users/temity/Documents/OneDrive/open-source/portfoliojs/src/components/Footer.jsx
FN:4,(anonymous_0)
FNF:1
FNH:0
FNDA:0,(anonymous_0)
DA:4,1
DA:5,0
DA:22,1
LF:3
LH:2
BRF:0
BRH:0
end_of_record
TN:
SF:/Users/temity/Documents/OneDrive/open-source/portfoliojs/src/components/Landing.jsx
FN:13,(anonymous_0)
FN:33,(anonymous_1)
FNF:2
FNH:0
FNDA:0,(anonymous_0)
FNDA:0,(anonymous_1)
DA:14,0
DA:16,0
DA:34,0
LF:3
LH:0
BRF:0
BRH:0
end_of_record
TN:
SF:/Users/temity/Documents/OneDrive/open-source/portfoliojs/src/components/List.jsx
FN:6,(anonymous_0)
FN:8,(anonymous_1)
FNF:2
FNH:0
FNDA:0,(anonymous_0)
FNDA:0,(anonymous_1)
DA:6,1
DA:7,0
DA:9,0
DA:19,1
LF:4
LH:2
BRF:0
BRH:0
end_of_record
TN:
SF:/Users/temity/Documents/OneDrive/open-source/portfoliojs/src/components/Nav.jsx
FN:4,(anonymous_0)
FNF:1
FNH:0
FNDA:0,(anonymous_0)
DA:4,2
DA:5,0
LF:2
LH:1
BRF:0
BRH:0
end_of_record
TN:
SF:/Users/temity/Documents/OneDrive/open-source/portfoliojs/src/components/Pagination.jsx
FN:5,(anonymous_0)
FNF:1
FNH:0
FNDA:0,(anonymous_0)
DA:6,0
LF:1
LH:0
BRF:0
BRH:0
end_of_record
TN:
SF:/Users/temity/Documents/OneDrive/open-source/portfoliojs/src/components/ProfileCard.jsx
FN:4,(anonymous_0)
FNF:1
FNH:0
FNDA:0,(anonymous_0)
DA:4,2
DA:5,0
DA:25,2
LF:3
LH:2
BRF:0
BRH:0
end_of_record
TN:
SF:/Users/temity/Documents/OneDrive/open-source/portfoliojs/src/components/Project.jsx
FN:6,(anonymous_0)
FN:12,(anonymous_1)
FN:14,(anonymous_2)
FN:15,(anonymous_3)
FN:17,(anonymous_4)
FN:20,(anonymous_5)
FNF:6
FNH:2
FNDA:1,(anonymous_0)
FNDA:0,(anonymous_1)
FNDA:0,(anonymous_2)
FNDA:0,(anonymous_3)
FNDA:1,(anonymous_4)
FNDA:0,(anonymous_5)
DA:7,1
DA:9,1
DA:13,0
DA:14,0
DA:15,0
DA:18,1
DA:21,0
DA:45,2
LF:8
LH:4
BRF:0
BRH:0
end_of_record
